SF:lib\core\feature\external\services\service_os_win.dart
DA:8,1
DA:14,1
DA:19,1
DA:20,1
DA:21,1
DA:23,0
DA:27,1
DA:34,1
DA:35,1
DA:37,1
DA:39,1
DA:40,1
DA:41,1
DA:42,1
DA:44,0
DA:48,1
DA:55,1
DA:56,1
DA:58,1
DA:59,1
DA:60,1
DA:63,0
DA:64,0
DA:69,1
DA:76,1
DA:77,1
DA:79,1
DA:81,1
DA:82,1
DA:83,1
DA:84,1
DA:86,0
LF:32
LH:27
end_of_record
SF:lib\features\home\domain\usecases\usecase_change_settings.dart
DA:9,1
DA:11,1
DA:12,2
LF:3
LH:3
end_of_record
SF:lib\features\home\infra\repositories\repository_local_settings_impl.dart
DA:15,4
DA:17,2
DA:20,6
DA:22,2
DA:23,2
DA:27,2
DA:28,4
DA:33,2
DA:37,4
DA:38,6
DA:39,2
DA:43,4
DA:47,1
DA:51,3
DA:52,1
DA:56,2
DA:60,0
DA:65,0
DA:66,0
DA:67,0
DA:68,0
DA:72,0
DA:76,0
DA:81,0
DA:83,0
DA:84,0
DA:85,0
DA:89,0
LF:28
LH:16
end_of_record
SF:lib\features\home\infra\models\settings_model.dart
DA:4,23
DA:14,2
DA:26,2
DA:27,2
DA:28,2
DA:29,2
DA:30,2
DA:31,2
DA:32,2
DA:33,2
DA:34,2
DA:38,3
DA:39,3
DA:40,6
DA:41,6
DA:42,6
DA:43,6
DA:44,6
DA:45,6
DA:46,6
DA:51,2
DA:52,2
DA:53,2
DA:54,2
DA:55,2
DA:56,2
DA:57,2
DA:58,2
DA:59,2
LF:29
LH:29
end_of_record
SF:lib\core\feature\domain\entities\sdk_release.dart
DA:16,30
DA:29,2
DA:30,2
DA:31,2
DA:32,2
DA:33,2
DA:34,2
DA:35,2
DA:36,2
DA:37,2
DA:38,2
DA:39,2
DA:40,2
LF:13
LH:13
end_of_record
SF:lib\core\feature\infra\models\sdk_release_model.dart
DA:7,30
DA:20,2
DA:21,2
DA:22,2
DA:23,2
DA:24,2
DA:25,2
DA:26,2
DA:27,2
DA:28,2
DA:29,2
DA:30,2
DA:31,2
DA:32,2
DA:36,2
DA:37,2
DA:38,4
DA:39,4
DA:40,4
DA:41,4
DA:42,4
DA:43,4
DA:44,4
DA:45,4
DA:46,4
DA:47,4
DA:51,1
DA:52,1
DA:53,1
DA:54,1
DA:55,1
DA:56,1
DA:57,1
DA:58,1
DA:59,1
DA:60,1
DA:61,1
DA:62,1
DA:66,4
LF:39
LH:39
end_of_record
SF:lib\features\home\domain\entities\settings.dart
DA:12,23
DA:22,0
DA:31,0
DA:32,0
DA:33,0
DA:34,0
DA:35,0
DA:36,0
DA:37,0
DA:38,0
DA:42,2
DA:43,2
DA:44,2
DA:45,2
DA:46,2
DA:47,2
DA:48,2
DA:49,2
DA:50,2
LF:19
LH:10
end_of_record
SF:lib\features\home\domain\usecases\usecase_delete_all_releases.dart
DA:9,1
DA:14,1
DA:15,2
DA:16,2
DA:17,1
DA:21,2
DA:22,4
DA:23,2
DA:26,1
DA:31,2
DA:32,2
DA:33,1
DA:35,2
LF:13
LH:13
end_of_record
SF:lib\features\home\domain\usecases\usecase_delete_release.dart
DA:13,1
DA:18,1
DA:19,4
DA:20,2
DA:21,1
DA:23,3
DA:24,2
DA:25,1
DA:27,2
LF:9
LH:9
end_of_record
SF:lib\features\home\domain\usecases\usecase_download_all_releases.dart
DA:14,1
DA:19,1
DA:20,2
DA:21,1
DA:22,2
DA:25,2
DA:26,2
DA:28,3
DA:29,3
DA:30,1
DA:33,2
DA:35,2
DA:36,2
DA:38,2
DA:39,2
DA:45,2
DA:49,2
DA:50,1
DA:54,1
DA:55,1
LF:20
LH:20
end_of_record
SF:lib\features\home\domain\usecases\usecase_download_release.dart
DA:14,1
DA:20,1
DA:22,4
DA:23,3
DA:24,1
DA:27,2
DA:28,2
DA:29,2
DA:30,4
DA:34,2
DA:35,1
DA:36,2
DA:37,1
DA:39,2
LF:14
LH:14
end_of_record
SF:lib\features\home\domain\usecases\usecase_get_list_releases.dart
DA:9,1
DA:11,1
DA:12,2
DA:14,3
DA:18,2
DA:19,2
DA:20,1
DA:21,4
DA:22,1
DA:26,1
LF:10
LH:10
end_of_record
SF:lib\features\home\domain\usecases\usecase_global_set_release.dart
DA:14,1
DA:20,1
DA:22,2
DA:26,2
DA:27,1
DA:30,1
DA:31,0
DA:34,2
DA:35,2
DA:36,1
DA:39,1
DA:40,3
DA:42,2
DA:43,2
DA:44,1
DA:46,2
DA:51,2
DA:52,0
DA:55,2
DA:59,2
DA:60,0
DA:63,2
DA:64,1
DA:65,2
DA:66,0
DA:69,2
DA:70,4
DA:71,0
DA:74,2
LF:29
LH:24
end_of_record
SF:lib\features\home\domain\usecases\usecase_import_releases.dart
DA:8,1
DA:10,1
DA:11,2
LF:3
LH:3
end_of_record
SF:lib\features\home\domain\usecases\usecase_install_release.dart
DA:13,1
DA:18,1
DA:20,2
DA:21,2
DA:22,2
DA:24,2
DA:27,1
DA:31,3
DA:32,2
DA:33,1
DA:36,2
LF:11
LH:11
end_of_record
SF:lib\features\home\domain\usecases\usecase_load_releases.dart
DA:8,1
DA:9,1
DA:10,2
LF:3
LH:3
end_of_record
SF:lib\features\home\domain\usecases\usecase_load_settings.dart
DA:9,1
DA:11,1
DA:12,2
LF:3
LH:3
end_of_record
SF:lib\features\home\domain\usecases\usecase_setdefault_settings.dart
DA:8,1
DA:10,1
DA:11,2
LF:3
LH:3
end_of_record
SF:lib\features\home\domain\usecases\usecase_uninstall_release.dart
DA:12,1
DA:17,1
DA:20,4
DA:21,2
DA:22,1
DA:25,2
DA:26,1
DA:29,2
DA:30,1
DA:33,2
LF:10
LH:10
end_of_record
SF:lib\features\home\infra\repositories\repository_local_release_impl.dart
DA:13,1
DA:15,1
DA:19,2
DA:20,1
DA:21,2
DA:24,1
DA:29,2
DA:30,1
DA:35,1
DA:39,3
DA:40,5
DA:41,2
DA:42,1
DA:46,1
DA:51,2
DA:57,1
DA:60,3
DA:61,3
DA:62,3
DA:64,1
DA:65,1
DA:69,2
DA:75,1
DA:78,3
DA:80,1
DA:85,2
DA:91,1
DA:94,3
DA:95,4
DA:96,3
DA:98,1
DA:103,2
DA:109,1
DA:113,3
DA:114,1
DA:116,1
DA:121,2
DA:122,1
DA:127,1
DA:130,3
DA:131,4
DA:133,1
DA:137,1
DA:139,2
DA:145,1
DA:149,3
DA:150,2
DA:151,2
DA:152,1
DA:155,1
DA:156,3
DA:158,1
DA:159,2
DA:163,2
DA:164,1
DA:169,1
DA:174,3
DA:175,2
DA:176,2
DA:177,1
DA:180,1
DA:181,3
DA:182,4
DA:184,1
DA:188,1
DA:190,2
LF:66
LH:66
end_of_record
SF:lib\features\home\infra\repositories\repository_remote_release_impl.dart
DA:11,1
DA:13,1
DA:18,2
DA:19,1
DA:22,1
DA:25,2
DA:30,1
DA:32,1
DA:34,2
DA:35,1
DA:36,2
DA:37,2
DA:41,1
DA:44,1
DA:47,2
LF:15
LH:15
end_of_record
